<?xml version="1.0" encoding="UTF-8"?>
<robot generator="Robot 4.1.2 (Python 3.8.8 on win32)" generated="20211213 18:58:29.911" rpa="false" schemaversion="2">
<suite id="s1" name="Tests" source="C:\Users\JAMES SY\Desktop\Work Space\STSWENG\SY_selenium_robot_practice\tests">
<suite id="s1-s1" name="Sort Products" source="C:\Users\JAMES SY\Desktop\Work Space\STSWENG\SY_selenium_robot_practice\tests\sort_products.robot">
<test id="s1-s1-t1" name="Sorted Name A to Z">
<kw name="Valid Login User" library="resources">
<kw name="Open Browser To Login Page" library="resources">
<kw name="Open Browser" library="SeleniumLibrary">
<arg>${LOGIN URL}</arg>
<arg>${BROWSER}</arg>
<doc>Opens a new browser instance to the optional ``url``.</doc>
<msg timestamp="20211213 18:58:30.134" level="INFO">Opening browser 'edge' to base url 'https://www.saucedemo.com/'.</msg>
<status status="PASS" starttime="20211213 18:58:30.134" endtime="20211213 18:58:31.547"/>
</kw>
<kw name="Maximize Browser Window" library="SeleniumLibrary">
<doc>Maximizes current browser window.</doc>
<status status="PASS" starttime="20211213 18:58:31.547" endtime="20211213 18:58:31.676"/>
</kw>
<kw name="Page Should Contain Element" library="SeleniumLibrary">
<arg>login-button</arg>
<doc>Verifies that element ``locator`` is found on the current page.</doc>
<msg timestamp="20211213 18:58:31.687" level="INFO">Current page contains element 'login-button'.</msg>
<status status="PASS" starttime="20211213 18:58:31.676" endtime="20211213 18:58:31.687"/>
</kw>
<status status="PASS" starttime="20211213 18:58:30.134" endtime="20211213 18:58:31.687"/>
</kw>
<kw name="Login Page Should Be Open" library="resources">
<kw name="Page Should Contain Element" library="SeleniumLibrary">
<arg>login-button</arg>
<doc>Verifies that element ``locator`` is found on the current page.</doc>
<msg timestamp="20211213 18:58:31.693" level="INFO">Current page contains element 'login-button'.</msg>
<status status="PASS" starttime="20211213 18:58:31.688" endtime="20211213 18:58:31.693"/>
</kw>
<status status="PASS" starttime="20211213 18:58:31.687" endtime="20211213 18:58:31.694"/>
</kw>
<kw name="Input Username" library="resources">
<arg>${VALID USER}</arg>
<kw name="Input Text" library="SeleniumLibrary">
<arg>user-name</arg>
<arg>${username}</arg>
<doc>Types the given ``text`` into the text field identified by ``locator``.</doc>
<msg timestamp="20211213 18:58:31.694" level="INFO">Typing text 'standard_user' into text field 'user-name'.</msg>
<status status="PASS" starttime="20211213 18:58:31.694" endtime="20211213 18:58:31.767"/>
</kw>
<status status="PASS" starttime="20211213 18:58:31.694" endtime="20211213 18:58:31.767"/>
</kw>
<kw name="Input Pass" library="resources">
<arg>${VALID PASSWORD}</arg>
<kw name="Input Password" library="SeleniumLibrary">
<arg>password</arg>
<arg>${password}</arg>
<doc>Types the given password into the text field identified by ``locator``.</doc>
<msg timestamp="20211213 18:58:31.768" level="INFO">Typing password into text field 'password'.</msg>
<msg timestamp="20211213 18:58:31.797" level="INFO">Temporally setting log level to: NONE</msg>
<msg timestamp="20211213 18:58:31.834" level="INFO">Log level changed from NONE to INFO.</msg>
<status status="PASS" starttime="20211213 18:58:31.768" endtime="20211213 18:58:31.834"/>
</kw>
<status status="PASS" starttime="20211213 18:58:31.768" endtime="20211213 18:58:31.834"/>
</kw>
<kw name="Submit Credentials" library="resources">
<kw name="Click Button" library="SeleniumLibrary">
<arg>login-button</arg>
<doc>Clicks the button identified by ``locator``.</doc>
<msg timestamp="20211213 18:58:31.835" level="INFO">Clicking button 'login-button'.</msg>
<status status="PASS" starttime="20211213 18:58:31.835" endtime="20211213 18:58:31.925"/>
</kw>
<status status="PASS" starttime="20211213 18:58:31.834" endtime="20211213 18:58:31.925"/>
</kw>
<status status="PASS" starttime="20211213 18:58:30.133" endtime="20211213 18:58:31.925"/>
</kw>
<kw name="Sort Items By" library="resources">
<arg>${NAME A TO Z}</arg>
<kw name="Select From List By Value" library="SeleniumLibrary">
<arg>css:*[data-test="product_sort_container"]</arg>
<arg>${sorting}</arg>
<doc>Selects options from selection list ``locator`` by ``values``.</doc>
<msg timestamp="20211213 18:58:31.926" level="INFO">Selecting options from selection list 'css:*[data-test="product_sort_container"]' by value az.</msg>
<status status="PASS" starttime="20211213 18:58:31.926" endtime="20211213 18:58:32.008"/>
</kw>
<status status="PASS" starttime="20211213 18:58:31.926" endtime="20211213 18:58:32.008"/>
</kw>
<kw name="Items Should Be Sorted By" library="resources">
<arg>NAME (A TO Z)</arg>
<kw name="Element Text Should Be" library="SeleniumLibrary">
<arg>class:active_option</arg>
<arg>${sortedby}</arg>
<doc>Verifies that element ``locator`` contains exact the text ``expected``.</doc>
<msg timestamp="20211213 18:58:32.009" level="INFO">Verifying element 'class:active_option' contains exact text 'NAME (A TO Z)'.</msg>
<status status="PASS" starttime="20211213 18:58:32.009" endtime="20211213 18:58:32.030"/>
</kw>
<status status="PASS" starttime="20211213 18:58:32.009" endtime="20211213 18:58:32.030"/>
</kw>
<kw name="Close Browser" library="SeleniumLibrary" type="TEARDOWN">
<doc>Closes the current browser.</doc>
<status status="PASS" starttime="20211213 18:58:32.030" endtime="20211213 18:58:34.166"/>
</kw>
<status status="PASS" starttime="20211213 18:58:30.133" endtime="20211213 18:58:34.166"/>
</test>
<test id="s1-s1-t2" name="Sorted Name Z To A">
<kw name="Valid Login User" library="resources">
<kw name="Open Browser To Login Page" library="resources">
<kw name="Open Browser" library="SeleniumLibrary">
<arg>${LOGIN URL}</arg>
<arg>${BROWSER}</arg>
<doc>Opens a new browser instance to the optional ``url``.</doc>
<msg timestamp="20211213 18:58:34.168" level="INFO">Opening browser 'edge' to base url 'https://www.saucedemo.com/'.</msg>
<status status="PASS" starttime="20211213 18:58:34.168" endtime="20211213 18:58:35.631"/>
</kw>
<kw name="Maximize Browser Window" library="SeleniumLibrary">
<doc>Maximizes current browser window.</doc>
<status status="PASS" starttime="20211213 18:58:35.631" endtime="20211213 18:58:35.746"/>
</kw>
<kw name="Page Should Contain Element" library="SeleniumLibrary">
<arg>login-button</arg>
<doc>Verifies that element ``locator`` is found on the current page.</doc>
<msg timestamp="20211213 18:58:35.757" level="INFO">Current page contains element 'login-button'.</msg>
<status status="PASS" starttime="20211213 18:58:35.746" endtime="20211213 18:58:35.757"/>
</kw>
<status status="PASS" starttime="20211213 18:58:34.167" endtime="20211213 18:58:35.757"/>
</kw>
<kw name="Login Page Should Be Open" library="resources">
<kw name="Page Should Contain Element" library="SeleniumLibrary">
<arg>login-button</arg>
<doc>Verifies that element ``locator`` is found on the current page.</doc>
<msg timestamp="20211213 18:58:35.763" level="INFO">Current page contains element 'login-button'.</msg>
<status status="PASS" starttime="20211213 18:58:35.758" endtime="20211213 18:58:35.764"/>
</kw>
<status status="PASS" starttime="20211213 18:58:35.757" endtime="20211213 18:58:35.764"/>
</kw>
<kw name="Input Username" library="resources">
<arg>${VALID USER}</arg>
<kw name="Input Text" library="SeleniumLibrary">
<arg>user-name</arg>
<arg>${username}</arg>
<doc>Types the given ``text`` into the text field identified by ``locator``.</doc>
<msg timestamp="20211213 18:58:35.764" level="INFO">Typing text 'standard_user' into text field 'user-name'.</msg>
<status status="PASS" starttime="20211213 18:58:35.764" endtime="20211213 18:58:35.836"/>
</kw>
<status status="PASS" starttime="20211213 18:58:35.764" endtime="20211213 18:58:35.836"/>
</kw>
<kw name="Input Pass" library="resources">
<arg>${VALID PASSWORD}</arg>
<kw name="Input Password" library="SeleniumLibrary">
<arg>password</arg>
<arg>${password}</arg>
<doc>Types the given password into the text field identified by ``locator``.</doc>
<msg timestamp="20211213 18:58:35.837" level="INFO">Typing password into text field 'password'.</msg>
<msg timestamp="20211213 18:58:35.867" level="INFO">Temporally setting log level to: NONE</msg>
<msg timestamp="20211213 18:58:35.906" level="INFO">Log level changed from NONE to INFO.</msg>
<status status="PASS" starttime="20211213 18:58:35.837" endtime="20211213 18:58:35.906"/>
</kw>
<status status="PASS" starttime="20211213 18:58:35.837" endtime="20211213 18:58:35.906"/>
</kw>
<kw name="Submit Credentials" library="resources">
<kw name="Click Button" library="SeleniumLibrary">
<arg>login-button</arg>
<doc>Clicks the button identified by ``locator``.</doc>
<msg timestamp="20211213 18:58:35.907" level="INFO">Clicking button 'login-button'.</msg>
<status status="PASS" starttime="20211213 18:58:35.906" endtime="20211213 18:58:36.002"/>
</kw>
<status status="PASS" starttime="20211213 18:58:35.906" endtime="20211213 18:58:36.002"/>
</kw>
<status status="PASS" starttime="20211213 18:58:34.167" endtime="20211213 18:58:36.003"/>
</kw>
<kw name="Sort Items By" library="resources">
<arg>${NAME Z TO A}</arg>
<kw name="Select From List By Value" library="SeleniumLibrary">
<arg>css:*[data-test="product_sort_container"]</arg>
<arg>${sorting}</arg>
<doc>Selects options from selection list ``locator`` by ``values``.</doc>
<msg timestamp="20211213 18:58:36.004" level="INFO">Selecting options from selection list 'css:*[data-test="product_sort_container"]' by value za.</msg>
<status status="PASS" starttime="20211213 18:58:36.003" endtime="20211213 18:58:36.126"/>
</kw>
<status status="PASS" starttime="20211213 18:58:36.003" endtime="20211213 18:58:36.126"/>
</kw>
<kw name="Items Should Be Sorted By" library="resources">
<arg>NAME (Z TO A)</arg>
<kw name="Element Text Should Be" library="SeleniumLibrary">
<arg>class:active_option</arg>
<arg>${sortedby}</arg>
<doc>Verifies that element ``locator`` contains exact the text ``expected``.</doc>
<msg timestamp="20211213 18:58:36.127" level="INFO">Verifying element 'class:active_option' contains exact text 'NAME (Z TO A)'.</msg>
<status status="PASS" starttime="20211213 18:58:36.127" endtime="20211213 18:58:36.144"/>
</kw>
<status status="PASS" starttime="20211213 18:58:36.127" endtime="20211213 18:58:36.145"/>
</kw>
<kw name="Close Browser" library="SeleniumLibrary" type="TEARDOWN">
<doc>Closes the current browser.</doc>
<status status="PASS" starttime="20211213 18:58:36.145" endtime="20211213 18:58:38.265"/>
</kw>
<status status="PASS" starttime="20211213 18:58:34.167" endtime="20211213 18:58:38.265"/>
</test>
<test id="s1-s1-t3" name="Sorted Price Low to High">
<kw name="Valid Login User" library="resources">
<kw name="Open Browser To Login Page" library="resources">
<kw name="Open Browser" library="SeleniumLibrary">
<arg>${LOGIN URL}</arg>
<arg>${BROWSER}</arg>
<doc>Opens a new browser instance to the optional ``url``.</doc>
<msg timestamp="20211213 18:58:38.267" level="INFO">Opening browser 'edge' to base url 'https://www.saucedemo.com/'.</msg>
<status status="PASS" starttime="20211213 18:58:38.267" endtime="20211213 18:58:39.668"/>
</kw>
<kw name="Maximize Browser Window" library="SeleniumLibrary">
<doc>Maximizes current browser window.</doc>
<status status="PASS" starttime="20211213 18:58:39.668" endtime="20211213 18:58:39.786"/>
</kw>
<kw name="Page Should Contain Element" library="SeleniumLibrary">
<arg>login-button</arg>
<doc>Verifies that element ``locator`` is found on the current page.</doc>
<msg timestamp="20211213 18:58:39.796" level="INFO">Current page contains element 'login-button'.</msg>
<status status="PASS" starttime="20211213 18:58:39.786" endtime="20211213 18:58:39.796"/>
</kw>
<status status="PASS" starttime="20211213 18:58:38.266" endtime="20211213 18:58:39.796"/>
</kw>
<kw name="Login Page Should Be Open" library="resources">
<kw name="Page Should Contain Element" library="SeleniumLibrary">
<arg>login-button</arg>
<doc>Verifies that element ``locator`` is found on the current page.</doc>
<msg timestamp="20211213 18:58:39.803" level="INFO">Current page contains element 'login-button'.</msg>
<status status="PASS" starttime="20211213 18:58:39.797" endtime="20211213 18:58:39.803"/>
</kw>
<status status="PASS" starttime="20211213 18:58:39.796" endtime="20211213 18:58:39.803"/>
</kw>
<kw name="Input Username" library="resources">
<arg>${VALID USER}</arg>
<kw name="Input Text" library="SeleniumLibrary">
<arg>user-name</arg>
<arg>${username}</arg>
<doc>Types the given ``text`` into the text field identified by ``locator``.</doc>
<msg timestamp="20211213 18:58:39.804" level="INFO">Typing text 'standard_user' into text field 'user-name'.</msg>
<status status="PASS" starttime="20211213 18:58:39.804" endtime="20211213 18:58:39.876"/>
</kw>
<status status="PASS" starttime="20211213 18:58:39.803" endtime="20211213 18:58:39.877"/>
</kw>
<kw name="Input Pass" library="resources">
<arg>${VALID PASSWORD}</arg>
<kw name="Input Password" library="SeleniumLibrary">
<arg>password</arg>
<arg>${password}</arg>
<doc>Types the given password into the text field identified by ``locator``.</doc>
<msg timestamp="20211213 18:58:39.877" level="INFO">Typing password into text field 'password'.</msg>
<msg timestamp="20211213 18:58:39.906" level="INFO">Temporally setting log level to: NONE</msg>
<msg timestamp="20211213 18:58:39.945" level="INFO">Log level changed from NONE to INFO.</msg>
<status status="PASS" starttime="20211213 18:58:39.877" endtime="20211213 18:58:39.945"/>
</kw>
<status status="PASS" starttime="20211213 18:58:39.877" endtime="20211213 18:58:39.946"/>
</kw>
<kw name="Submit Credentials" library="resources">
<kw name="Click Button" library="SeleniumLibrary">
<arg>login-button</arg>
<doc>Clicks the button identified by ``locator``.</doc>
<msg timestamp="20211213 18:58:39.946" level="INFO">Clicking button 'login-button'.</msg>
<status status="PASS" starttime="20211213 18:58:39.946" endtime="20211213 18:58:40.038"/>
</kw>
<status status="PASS" starttime="20211213 18:58:39.946" endtime="20211213 18:58:40.039"/>
</kw>
<status status="PASS" starttime="20211213 18:58:38.266" endtime="20211213 18:58:40.039"/>
</kw>
<kw name="Sort Items By" library="resources">
<arg>${PRICE LOW TO HIGH}</arg>
<kw name="Select From List By Value" library="SeleniumLibrary">
<arg>css:*[data-test="product_sort_container"]</arg>
<arg>${sorting}</arg>
<doc>Selects options from selection list ``locator`` by ``values``.</doc>
<msg timestamp="20211213 18:58:40.040" level="INFO">Selecting options from selection list 'css:*[data-test="product_sort_container"]' by value lohi.</msg>
<status status="PASS" starttime="20211213 18:58:40.040" endtime="20211213 18:58:40.222"/>
</kw>
<status status="PASS" starttime="20211213 18:58:40.039" endtime="20211213 18:58:40.222"/>
</kw>
<kw name="Items Should Be Sorted By" library="resources">
<arg>PRICE (LOW TO HIGH)</arg>
<kw name="Element Text Should Be" library="SeleniumLibrary">
<arg>class:active_option</arg>
<arg>${sortedby}</arg>
<doc>Verifies that element ``locator`` contains exact the text ``expected``.</doc>
<msg timestamp="20211213 18:58:40.223" level="INFO">Verifying element 'class:active_option' contains exact text 'PRICE (LOW TO HIGH)'.</msg>
<status status="PASS" starttime="20211213 18:58:40.223" endtime="20211213 18:58:40.240"/>
</kw>
<status status="PASS" starttime="20211213 18:58:40.222" endtime="20211213 18:58:40.240"/>
</kw>
<kw name="Close Browser" library="SeleniumLibrary" type="TEARDOWN">
<doc>Closes the current browser.</doc>
<status status="PASS" starttime="20211213 18:58:40.241" endtime="20211213 18:58:42.379"/>
</kw>
<status status="PASS" starttime="20211213 18:58:38.266" endtime="20211213 18:58:42.379"/>
</test>
<test id="s1-s1-t4" name="Sorted Price High to Low">
<kw name="Valid Login User" library="resources">
<kw name="Open Browser To Login Page" library="resources">
<kw name="Open Browser" library="SeleniumLibrary">
<arg>${LOGIN URL}</arg>
<arg>${BROWSER}</arg>
<doc>Opens a new browser instance to the optional ``url``.</doc>
<msg timestamp="20211213 18:58:42.381" level="INFO">Opening browser 'edge' to base url 'https://www.saucedemo.com/'.</msg>
<status status="PASS" starttime="20211213 18:58:42.381" endtime="20211213 18:58:43.773"/>
</kw>
<kw name="Maximize Browser Window" library="SeleniumLibrary">
<doc>Maximizes current browser window.</doc>
<status status="PASS" starttime="20211213 18:58:43.773" endtime="20211213 18:58:43.899"/>
</kw>
<kw name="Page Should Contain Element" library="SeleniumLibrary">
<arg>login-button</arg>
<doc>Verifies that element ``locator`` is found on the current page.</doc>
<msg timestamp="20211213 18:58:43.910" level="INFO">Current page contains element 'login-button'.</msg>
<status status="PASS" starttime="20211213 18:58:43.900" endtime="20211213 18:58:43.910"/>
</kw>
<status status="PASS" starttime="20211213 18:58:42.380" endtime="20211213 18:58:43.910"/>
</kw>
<kw name="Login Page Should Be Open" library="resources">
<kw name="Page Should Contain Element" library="SeleniumLibrary">
<arg>login-button</arg>
<doc>Verifies that element ``locator`` is found on the current page.</doc>
<msg timestamp="20211213 18:58:43.916" level="INFO">Current page contains element 'login-button'.</msg>
<status status="PASS" starttime="20211213 18:58:43.911" endtime="20211213 18:58:43.916"/>
</kw>
<status status="PASS" starttime="20211213 18:58:43.911" endtime="20211213 18:58:43.916"/>
</kw>
<kw name="Input Username" library="resources">
<arg>${VALID USER}</arg>
<kw name="Input Text" library="SeleniumLibrary">
<arg>user-name</arg>
<arg>${username}</arg>
<doc>Types the given ``text`` into the text field identified by ``locator``.</doc>
<msg timestamp="20211213 18:58:43.917" level="INFO">Typing text 'standard_user' into text field 'user-name'.</msg>
<status status="PASS" starttime="20211213 18:58:43.916" endtime="20211213 18:58:43.990"/>
</kw>
<status status="PASS" starttime="20211213 18:58:43.916" endtime="20211213 18:58:43.990"/>
</kw>
<kw name="Input Pass" library="resources">
<arg>${VALID PASSWORD}</arg>
<kw name="Input Password" library="SeleniumLibrary">
<arg>password</arg>
<arg>${password}</arg>
<doc>Types the given password into the text field identified by ``locator``.</doc>
<msg timestamp="20211213 18:58:43.991" level="INFO">Typing password into text field 'password'.</msg>
<msg timestamp="20211213 18:58:44.021" level="INFO">Temporally setting log level to: NONE</msg>
<msg timestamp="20211213 18:58:44.062" level="INFO">Log level changed from NONE to INFO.</msg>
<status status="PASS" starttime="20211213 18:58:43.991" endtime="20211213 18:58:44.062"/>
</kw>
<status status="PASS" starttime="20211213 18:58:43.990" endtime="20211213 18:58:44.062"/>
</kw>
<kw name="Submit Credentials" library="resources">
<kw name="Click Button" library="SeleniumLibrary">
<arg>login-button</arg>
<doc>Clicks the button identified by ``locator``.</doc>
<msg timestamp="20211213 18:58:44.062" level="INFO">Clicking button 'login-button'.</msg>
<status status="PASS" starttime="20211213 18:58:44.062" endtime="20211213 18:58:44.153"/>
</kw>
<status status="PASS" starttime="20211213 18:58:44.062" endtime="20211213 18:58:44.153"/>
</kw>
<status status="PASS" starttime="20211213 18:58:42.380" endtime="20211213 18:58:44.153"/>
</kw>
<kw name="Sort Items By" library="resources">
<arg>${PRICE HIGH TO LOW}</arg>
<kw name="Select From List By Value" library="SeleniumLibrary">
<arg>css:*[data-test="product_sort_container"]</arg>
<arg>${sorting}</arg>
<doc>Selects options from selection list ``locator`` by ``values``.</doc>
<msg timestamp="20211213 18:58:44.154" level="INFO">Selecting options from selection list 'css:*[data-test="product_sort_container"]' by value hilo.</msg>
<status status="PASS" starttime="20211213 18:58:44.154" endtime="20211213 18:58:44.279"/>
</kw>
<status status="PASS" starttime="20211213 18:58:44.154" endtime="20211213 18:58:44.279"/>
</kw>
<kw name="Items Should Be Sorted By" library="resources">
<arg>PRICE (HIGH TO LOW)</arg>
<kw name="Element Text Should Be" library="SeleniumLibrary">
<arg>class:active_option</arg>
<arg>${sortedby}</arg>
<doc>Verifies that element ``locator`` contains exact the text ``expected``.</doc>
<msg timestamp="20211213 18:58:44.280" level="INFO">Verifying element 'class:active_option' contains exact text 'PRICE (HIGH TO LOW)'.</msg>
<status status="PASS" starttime="20211213 18:58:44.280" endtime="20211213 18:58:44.298"/>
</kw>
<status status="PASS" starttime="20211213 18:58:44.280" endtime="20211213 18:58:44.298"/>
</kw>
<kw name="Close Browser" library="SeleniumLibrary" type="TEARDOWN">
<doc>Closes the current browser.</doc>
<status status="PASS" starttime="20211213 18:58:44.298" endtime="20211213 18:58:46.420"/>
</kw>
<status status="PASS" starttime="20211213 18:58:42.380" endtime="20211213 18:58:46.420"/>
</test>
<doc>A test suite for sorting of products

this test follows the example using keywords from
the SeleniumLibrary</doc>
<status status="PASS" starttime="20211213 18:58:29.936" endtime="20211213 18:58:46.421"/>
</suite>
<suite id="s1-s2" name="Valid Login" source="C:\Users\JAMES SY\Desktop\Work Space\STSWENG\SY_selenium_robot_practice\tests\valid_login.robot">
<test id="s1-s2-t1" name="Valid Login">
<kw name="Open Browser To Login Page" library="resources">
<kw name="Open Browser" library="SeleniumLibrary">
<arg>${LOGIN URL}</arg>
<arg>${BROWSER}</arg>
<doc>Opens a new browser instance to the optional ``url``.</doc>
<msg timestamp="20211213 18:58:46.430" level="INFO">Opening browser 'edge' to base url 'https://www.saucedemo.com/'.</msg>
<status status="PASS" starttime="20211213 18:58:46.429" endtime="20211213 18:58:47.930"/>
</kw>
<kw name="Maximize Browser Window" library="SeleniumLibrary">
<doc>Maximizes current browser window.</doc>
<status status="PASS" starttime="20211213 18:58:47.930" endtime="20211213 18:58:48.051"/>
</kw>
<kw name="Page Should Contain Element" library="SeleniumLibrary">
<arg>login-button</arg>
<doc>Verifies that element ``locator`` is found on the current page.</doc>
<msg timestamp="20211213 18:58:48.064" level="INFO">Current page contains element 'login-button'.</msg>
<status status="PASS" starttime="20211213 18:58:48.051" endtime="20211213 18:58:48.064"/>
</kw>
<status status="PASS" starttime="20211213 18:58:46.429" endtime="20211213 18:58:48.064"/>
</kw>
<kw name="Login Page Should Be Open" library="resources">
<kw name="Page Should Contain Element" library="SeleniumLibrary">
<arg>login-button</arg>
<doc>Verifies that element ``locator`` is found on the current page.</doc>
<msg timestamp="20211213 18:58:48.071" level="INFO">Current page contains element 'login-button'.</msg>
<status status="PASS" starttime="20211213 18:58:48.065" endtime="20211213 18:58:48.071"/>
</kw>
<status status="PASS" starttime="20211213 18:58:48.064" endtime="20211213 18:58:48.071"/>
</kw>
<kw name="Input Username" library="resources">
<arg>${VALID USER}</arg>
<kw name="Input Text" library="SeleniumLibrary">
<arg>user-name</arg>
<arg>${username}</arg>
<doc>Types the given ``text`` into the text field identified by ``locator``.</doc>
<msg timestamp="20211213 18:58:48.072" level="INFO">Typing text 'standard_user' into text field 'user-name'.</msg>
<status status="PASS" starttime="20211213 18:58:48.072" endtime="20211213 18:58:48.147"/>
</kw>
<status status="PASS" starttime="20211213 18:58:48.071" endtime="20211213 18:58:48.147"/>
</kw>
<kw name="Input Pass" library="resources">
<arg>${VALID PASSWORD}</arg>
<kw name="Input Password" library="SeleniumLibrary">
<arg>password</arg>
<arg>${password}</arg>
<doc>Types the given password into the text field identified by ``locator``.</doc>
<msg timestamp="20211213 18:58:48.148" level="INFO">Typing password into text field 'password'.</msg>
<msg timestamp="20211213 18:58:48.176" level="INFO">Temporally setting log level to: NONE</msg>
<msg timestamp="20211213 18:58:48.213" level="INFO">Log level changed from NONE to INFO.</msg>
<status status="PASS" starttime="20211213 18:58:48.147" endtime="20211213 18:58:48.213"/>
</kw>
<status status="PASS" starttime="20211213 18:58:48.147" endtime="20211213 18:58:48.213"/>
</kw>
<kw name="Submit Credentials" library="resources">
<kw name="Click Button" library="SeleniumLibrary">
<arg>login-button</arg>
<doc>Clicks the button identified by ``locator``.</doc>
<msg timestamp="20211213 18:58:48.214" level="INFO">Clicking button 'login-button'.</msg>
<status status="PASS" starttime="20211213 18:58:48.214" endtime="20211213 18:58:48.297"/>
</kw>
<status status="PASS" starttime="20211213 18:58:48.213" endtime="20211213 18:58:48.297"/>
</kw>
<kw name="Proper Product Page Should Be Open" library="resources">
<kw name="Page Should Not Contain Image" library="SeleniumLibrary">
<arg>${PROBLEM IMG}</arg>
<doc>Verifies image identified by ``locator`` is not found from current page.</doc>
<msg timestamp="20211213 18:58:48.320" level="INFO">Current page does not contain image '/static/media/sl-404.168b1cce.jpg'.</msg>
<status status="PASS" starttime="20211213 18:58:48.298" endtime="20211213 18:58:48.321"/>
</kw>
<status status="PASS" starttime="20211213 18:58:48.298" endtime="20211213 18:58:48.321"/>
</kw>
<kw name="Close Browser" library="SeleniumLibrary" type="TEARDOWN">
<doc>Closes the current browser.</doc>
<status status="PASS" starttime="20211213 18:58:48.322" endtime="20211213 18:58:50.449"/>
</kw>
<status status="PASS" starttime="20211213 18:58:46.429" endtime="20211213 18:58:50.449"/>
</test>
<test id="s1-s2-t2" name="Locked Out Login">
<kw name="Open Browser To Login Page" library="resources">
<kw name="Open Browser" library="SeleniumLibrary">
<arg>${LOGIN URL}</arg>
<arg>${BROWSER}</arg>
<doc>Opens a new browser instance to the optional ``url``.</doc>
<msg timestamp="20211213 18:58:50.451" level="INFO">Opening browser 'edge' to base url 'https://www.saucedemo.com/'.</msg>
<status status="PASS" starttime="20211213 18:58:50.451" endtime="20211213 18:58:51.844"/>
</kw>
<kw name="Maximize Browser Window" library="SeleniumLibrary">
<doc>Maximizes current browser window.</doc>
<status status="PASS" starttime="20211213 18:58:51.844" endtime="20211213 18:58:51.971"/>
</kw>
<kw name="Page Should Contain Element" library="SeleniumLibrary">
<arg>login-button</arg>
<doc>Verifies that element ``locator`` is found on the current page.</doc>
<msg timestamp="20211213 18:58:51.981" level="INFO">Current page contains element 'login-button'.</msg>
<status status="PASS" starttime="20211213 18:58:51.971" endtime="20211213 18:58:51.981"/>
</kw>
<status status="PASS" starttime="20211213 18:58:50.451" endtime="20211213 18:58:51.981"/>
</kw>
<kw name="Login Page Should Be Open" library="resources">
<kw name="Page Should Contain Element" library="SeleniumLibrary">
<arg>login-button</arg>
<doc>Verifies that element ``locator`` is found on the current page.</doc>
<msg timestamp="20211213 18:58:51.986" level="INFO">Current page contains element 'login-button'.</msg>
<status status="PASS" starttime="20211213 18:58:51.981" endtime="20211213 18:58:51.986"/>
</kw>
<status status="PASS" starttime="20211213 18:58:51.981" endtime="20211213 18:58:51.987"/>
</kw>
<kw name="Input Username" library="resources">
<arg>${LOCKED OUT USER}</arg>
<kw name="Input Text" library="SeleniumLibrary">
<arg>user-name</arg>
<arg>${username}</arg>
<doc>Types the given ``text`` into the text field identified by ``locator``.</doc>
<msg timestamp="20211213 18:58:51.988" level="INFO">Typing text 'locked_out_user' into text field 'user-name'.</msg>
<status status="PASS" starttime="20211213 18:58:51.987" endtime="20211213 18:58:52.063"/>
</kw>
<status status="PASS" starttime="20211213 18:58:51.987" endtime="20211213 18:58:52.063"/>
</kw>
<kw name="Input Pass" library="resources">
<arg>${VALID PASSWORD}</arg>
<kw name="Input Password" library="SeleniumLibrary">
<arg>password</arg>
<arg>${password}</arg>
<doc>Types the given password into the text field identified by ``locator``.</doc>
<msg timestamp="20211213 18:58:52.064" level="INFO">Typing password into text field 'password'.</msg>
<msg timestamp="20211213 18:58:52.093" level="INFO">Temporally setting log level to: NONE</msg>
<msg timestamp="20211213 18:58:52.130" level="INFO">Log level changed from NONE to INFO.</msg>
<status status="PASS" starttime="20211213 18:58:52.064" endtime="20211213 18:58:52.130"/>
</kw>
<status status="PASS" starttime="20211213 18:58:52.063" endtime="20211213 18:58:52.130"/>
</kw>
<kw name="Submit Credentials" library="resources">
<kw name="Click Button" library="SeleniumLibrary">
<arg>login-button</arg>
<doc>Clicks the button identified by ``locator``.</doc>
<msg timestamp="20211213 18:58:52.131" level="INFO">Clicking button 'login-button'.</msg>
<status status="PASS" starttime="20211213 18:58:52.131" endtime="20211213 18:58:52.181"/>
</kw>
<status status="PASS" starttime="20211213 18:58:52.130" endtime="20211213 18:58:52.181"/>
</kw>
<kw name="Error Message Shown" library="resources">
<arg>Epic sadface: Sorry, this user has been locked out.</arg>
<kw name="Element Text Should Be" library="SeleniumLibrary">
<arg>css:*[data-test="error"]</arg>
<arg>${error}</arg>
<doc>Verifies that element ``locator`` contains exact the text ``expected``.</doc>
<msg timestamp="20211213 18:58:52.182" level="INFO">Verifying element 'css:*[data-test="error"]' contains exact text 'Epic sadface: Sorry, this user has been locked out.'.</msg>
<status status="PASS" starttime="20211213 18:58:52.182" endtime="20211213 18:58:52.203"/>
</kw>
<status status="PASS" starttime="20211213 18:58:52.182" endtime="20211213 18:58:52.203"/>
</kw>
<kw name="Close Browser" library="SeleniumLibrary" type="TEARDOWN">
<doc>Closes the current browser.</doc>
<status status="PASS" starttime="20211213 18:58:52.203" endtime="20211213 18:58:54.316"/>
</kw>
<status status="PASS" starttime="20211213 18:58:50.450" endtime="20211213 18:58:54.316"/>
</test>
<test id="s1-s2-t3" name="Incorrect Password Login">
<kw name="Open Browser To Login Page" library="resources">
<kw name="Open Browser" library="SeleniumLibrary">
<arg>${LOGIN URL}</arg>
<arg>${BROWSER}</arg>
<doc>Opens a new browser instance to the optional ``url``.</doc>
<msg timestamp="20211213 18:58:54.318" level="INFO">Opening browser 'edge' to base url 'https://www.saucedemo.com/'.</msg>
<status status="PASS" starttime="20211213 18:58:54.318" endtime="20211213 18:58:55.716"/>
</kw>
<kw name="Maximize Browser Window" library="SeleniumLibrary">
<doc>Maximizes current browser window.</doc>
<status status="PASS" starttime="20211213 18:58:55.716" endtime="20211213 18:58:55.839"/>
</kw>
<kw name="Page Should Contain Element" library="SeleniumLibrary">
<arg>login-button</arg>
<doc>Verifies that element ``locator`` is found on the current page.</doc>
<msg timestamp="20211213 18:58:55.850" level="INFO">Current page contains element 'login-button'.</msg>
<status status="PASS" starttime="20211213 18:58:55.839" endtime="20211213 18:58:55.850"/>
</kw>
<status status="PASS" starttime="20211213 18:58:54.318" endtime="20211213 18:58:55.850"/>
</kw>
<kw name="Login Page Should Be Open" library="resources">
<kw name="Page Should Contain Element" library="SeleniumLibrary">
<arg>login-button</arg>
<doc>Verifies that element ``locator`` is found on the current page.</doc>
<msg timestamp="20211213 18:58:55.856" level="INFO">Current page contains element 'login-button'.</msg>
<status status="PASS" starttime="20211213 18:58:55.851" endtime="20211213 18:58:55.856"/>
</kw>
<status status="PASS" starttime="20211213 18:58:55.850" endtime="20211213 18:58:55.856"/>
</kw>
<kw name="Input Username" library="resources">
<arg>${VALID USER}</arg>
<kw name="Input Text" library="SeleniumLibrary">
<arg>user-name</arg>
<arg>${username}</arg>
<doc>Types the given ``text`` into the text field identified by ``locator``.</doc>
<msg timestamp="20211213 18:58:55.857" level="INFO">Typing text 'standard_user' into text field 'user-name'.</msg>
<status status="PASS" starttime="20211213 18:58:55.857" endtime="20211213 18:58:55.930"/>
</kw>
<status status="PASS" starttime="20211213 18:58:55.856" endtime="20211213 18:58:55.930"/>
</kw>
<kw name="Input Pass" library="resources">
<arg>${INVALID PASSWORD}</arg>
<kw name="Input Password" library="SeleniumLibrary">
<arg>password</arg>
<arg>${password}</arg>
<doc>Types the given password into the text field identified by ``locator``.</doc>
<msg timestamp="20211213 18:58:55.931" level="INFO">Typing password into text field 'password'.</msg>
<msg timestamp="20211213 18:58:55.960" level="INFO">Temporally setting log level to: NONE</msg>
<msg timestamp="20211213 18:58:56.001" level="INFO">Log level changed from NONE to INFO.</msg>
<status status="PASS" starttime="20211213 18:58:55.931" endtime="20211213 18:58:56.002"/>
</kw>
<status status="PASS" starttime="20211213 18:58:55.931" endtime="20211213 18:58:56.002"/>
</kw>
<kw name="Submit Credentials" library="resources">
<kw name="Click Button" library="SeleniumLibrary">
<arg>login-button</arg>
<doc>Clicks the button identified by ``locator``.</doc>
<msg timestamp="20211213 18:58:56.003" level="INFO">Clicking button 'login-button'.</msg>
<status status="PASS" starttime="20211213 18:58:56.002" endtime="20211213 18:58:56.046"/>
</kw>
<status status="PASS" starttime="20211213 18:58:56.002" endtime="20211213 18:58:56.047"/>
</kw>
<kw name="Error Message Shown" library="resources">
<arg>Epic sadface: Username and password do not match any user in this service</arg>
<kw name="Element Text Should Be" library="SeleniumLibrary">
<arg>css:*[data-test="error"]</arg>
<arg>${error}</arg>
<doc>Verifies that element ``locator`` contains exact the text ``expected``.</doc>
<msg timestamp="20211213 18:58:56.048" level="INFO">Verifying element 'css:*[data-test="error"]' contains exact text 'Epic sadface: Username and password do not match any user in this service'.</msg>
<status status="PASS" starttime="20211213 18:58:56.047" endtime="20211213 18:58:56.067"/>
</kw>
<status status="PASS" starttime="20211213 18:58:56.047" endtime="20211213 18:58:56.067"/>
</kw>
<kw name="Close Browser" library="SeleniumLibrary" type="TEARDOWN">
<doc>Closes the current browser.</doc>
<status status="PASS" starttime="20211213 18:58:56.068" endtime="20211213 18:58:58.206"/>
</kw>
<status status="PASS" starttime="20211213 18:58:54.317" endtime="20211213 18:58:58.206"/>
</test>
<test id="s1-s2-t4" name="Problem Login">
<kw name="Open Browser To Login Page" library="resources">
<kw name="Open Browser" library="SeleniumLibrary">
<arg>${LOGIN URL}</arg>
<arg>${BROWSER}</arg>
<doc>Opens a new browser instance to the optional ``url``.</doc>
<msg timestamp="20211213 18:58:58.208" level="INFO">Opening browser 'edge' to base url 'https://www.saucedemo.com/'.</msg>
<status status="PASS" starttime="20211213 18:58:58.208" endtime="20211213 18:58:59.599"/>
</kw>
<kw name="Maximize Browser Window" library="SeleniumLibrary">
<doc>Maximizes current browser window.</doc>
<status status="PASS" starttime="20211213 18:58:59.599" endtime="20211213 18:58:59.725"/>
</kw>
<kw name="Page Should Contain Element" library="SeleniumLibrary">
<arg>login-button</arg>
<doc>Verifies that element ``locator`` is found on the current page.</doc>
<msg timestamp="20211213 18:58:59.736" level="INFO">Current page contains element 'login-button'.</msg>
<status status="PASS" starttime="20211213 18:58:59.725" endtime="20211213 18:58:59.736"/>
</kw>
<status status="PASS" starttime="20211213 18:58:58.207" endtime="20211213 18:58:59.736"/>
</kw>
<kw name="Login Page Should Be Open" library="resources">
<kw name="Page Should Contain Element" library="SeleniumLibrary">
<arg>login-button</arg>
<doc>Verifies that element ``locator`` is found on the current page.</doc>
<msg timestamp="20211213 18:58:59.743" level="INFO">Current page contains element 'login-button'.</msg>
<status status="PASS" starttime="20211213 18:58:59.737" endtime="20211213 18:58:59.743"/>
</kw>
<status status="PASS" starttime="20211213 18:58:59.737" endtime="20211213 18:58:59.743"/>
</kw>
<kw name="Input Username" library="resources">
<arg>${PROBLEM USER}</arg>
<kw name="Input Text" library="SeleniumLibrary">
<arg>user-name</arg>
<arg>${username}</arg>
<doc>Types the given ``text`` into the text field identified by ``locator``.</doc>
<msg timestamp="20211213 18:58:59.745" level="INFO">Typing text 'problem_user' into text field 'user-name'.</msg>
<status status="PASS" starttime="20211213 18:58:59.744" endtime="20211213 18:58:59.820"/>
</kw>
<status status="PASS" starttime="20211213 18:58:59.744" endtime="20211213 18:58:59.820"/>
</kw>
<kw name="Input Pass" library="resources">
<arg>${VALID PASSWORD}</arg>
<kw name="Input Password" library="SeleniumLibrary">
<arg>password</arg>
<arg>${password}</arg>
<doc>Types the given password into the text field identified by ``locator``.</doc>
<msg timestamp="20211213 18:58:59.821" level="INFO">Typing password into text field 'password'.</msg>
<msg timestamp="20211213 18:58:59.852" level="INFO">Temporally setting log level to: NONE</msg>
<msg timestamp="20211213 18:58:59.890" level="INFO">Log level changed from NONE to INFO.</msg>
<status status="PASS" starttime="20211213 18:58:59.821" endtime="20211213 18:58:59.890"/>
</kw>
<status status="PASS" starttime="20211213 18:58:59.820" endtime="20211213 18:58:59.890"/>
</kw>
<kw name="Submit Credentials" library="resources">
<kw name="Click Button" library="SeleniumLibrary">
<arg>login-button</arg>
<doc>Clicks the button identified by ``locator``.</doc>
<msg timestamp="20211213 18:58:59.891" level="INFO">Clicking button 'login-button'.</msg>
<status status="PASS" starttime="20211213 18:58:59.891" endtime="20211213 18:58:59.984"/>
</kw>
<status status="PASS" starttime="20211213 18:58:59.890" endtime="20211213 18:58:59.985"/>
</kw>
<kw name="Problem Product Page Should Be Open" library="resources">
<kw name="Page Should Contain Image" library="SeleniumLibrary">
<arg>${PROBLEM IMG}</arg>
<doc>Verifies image identified by ``locator`` is found from current page.</doc>
<msg timestamp="20211213 18:58:59.998" level="INFO">Current page contains image '/static/media/sl-404.168b1cce.jpg'.</msg>
<status status="PASS" starttime="20211213 18:58:59.986" endtime="20211213 18:58:59.998"/>
</kw>
<status status="PASS" starttime="20211213 18:58:59.985" endtime="20211213 18:58:59.998"/>
</kw>
<kw name="Close Browser" library="SeleniumLibrary" type="TEARDOWN">
<doc>Closes the current browser.</doc>
<status status="PASS" starttime="20211213 18:58:59.999" endtime="20211213 18:59:02.137"/>
</kw>
<status status="PASS" starttime="20211213 18:58:58.207" endtime="20211213 18:59:02.137"/>
</test>
<doc>A test suit with a single test for valid login

this test follows the example using keywords from
the SeleniumLibrary</doc>
<status status="PASS" starttime="20211213 18:58:46.424" endtime="20211213 18:59:02.138"/>
</suite>
<status status="PASS" starttime="20211213 18:58:29.913" endtime="20211213 18:59:02.141"/>
</suite>
<statistics>
<total>
<stat pass="8" fail="0" skip="0">All Tests</stat>
</total>
<tag>
</tag>
<suite>
<stat pass="8" fail="0" skip="0" id="s1" name="Tests">Tests</stat>
<stat pass="4" fail="0" skip="0" id="s1-s1" name="Sort Products">Tests.Sort Products</stat>
<stat pass="4" fail="0" skip="0" id="s1-s2" name="Valid Login">Tests.Valid Login</stat>
</suite>
</statistics>
<errors>
</errors>
</robot>
