<?xml version="1.0" encoding="UTF-8"?>
<robot generator="Robot 4.1.2 (Python 3.8.8 on win32)" generated="20211213 16:47:33.436" rpa="false" schemaversion="2">
<suite id="s1" name="Tests" source="C:\Users\JAMES SY\Desktop\Work Space\STSWENG\SauceDemoRobot\tests">
<suite id="s1-s1" name="Valid Login" source="C:\Users\JAMES SY\Desktop\Work Space\STSWENG\SauceDemoRobot\tests\valid_login.robot">
<test id="s1-s1-t1" name="Valid Login">
<kw name="Open Browser To Login Page" library="resources">
<kw name="Open Browser" library="SeleniumLibrary">
<arg>${LOGIN URL}</arg>
<arg>${BROWSER}</arg>
<doc>Opens a new browser instance to the optional ``url``.</doc>
<msg timestamp="20211213 16:47:33.651" level="INFO">Opening browser 'edge' to base url 'https://www.saucedemo.com/'.</msg>
<status status="PASS" starttime="20211213 16:47:33.651" endtime="20211213 16:47:35.055"/>
</kw>
<kw name="Maximize Browser Window" library="SeleniumLibrary">
<doc>Maximizes current browser window.</doc>
<status status="PASS" starttime="20211213 16:47:35.055" endtime="20211213 16:47:35.174"/>
</kw>
<kw name="Page Should Contain Element" library="SeleniumLibrary">
<arg>login-button</arg>
<doc>Verifies that element ``locator`` is found on the current page.</doc>
<msg timestamp="20211213 16:47:35.185" level="INFO">Current page contains element 'login-button'.</msg>
<status status="PASS" starttime="20211213 16:47:35.174" endtime="20211213 16:47:35.185"/>
</kw>
<status status="PASS" starttime="20211213 16:47:33.651" endtime="20211213 16:47:35.186"/>
</kw>
<kw name="Login Page Should Be Open" library="resources">
<kw name="Page Should Contain Element" library="SeleniumLibrary">
<arg>login-button</arg>
<doc>Verifies that element ``locator`` is found on the current page.</doc>
<msg timestamp="20211213 16:47:35.194" level="INFO">Current page contains element 'login-button'.</msg>
<status status="PASS" starttime="20211213 16:47:35.187" endtime="20211213 16:47:35.194"/>
</kw>
<status status="PASS" starttime="20211213 16:47:35.186" endtime="20211213 16:47:35.194"/>
</kw>
<kw name="Input Username" library="resources">
<arg>${VALID USER}</arg>
<kw name="Input Text" library="SeleniumLibrary">
<arg>user-name</arg>
<arg>${username}</arg>
<doc>Types the given ``text`` into the text field identified by ``locator``.</doc>
<msg timestamp="20211213 16:47:35.195" level="INFO">Typing text 'standard_user' into text field 'user-name'.</msg>
<status status="PASS" starttime="20211213 16:47:35.195" endtime="20211213 16:47:35.269"/>
</kw>
<status status="PASS" starttime="20211213 16:47:35.194" endtime="20211213 16:47:35.270"/>
</kw>
<kw name="Input Pass" library="resources">
<arg>${VALID PASSWORD}</arg>
<kw name="Input Password" library="SeleniumLibrary">
<arg>password</arg>
<arg>${password}</arg>
<doc>Types the given password into the text field identified by ``locator``.</doc>
<msg timestamp="20211213 16:47:35.271" level="INFO">Typing password into text field 'password'.</msg>
<msg timestamp="20211213 16:47:35.303" level="INFO">Temporally setting log level to: NONE</msg>
<msg timestamp="20211213 16:47:35.343" level="INFO">Log level changed from NONE to INFO.</msg>
<status status="PASS" starttime="20211213 16:47:35.271" endtime="20211213 16:47:35.343"/>
</kw>
<status status="PASS" starttime="20211213 16:47:35.270" endtime="20211213 16:47:35.343"/>
</kw>
<kw name="Submit Credentials" library="resources">
<kw name="Click Button" library="SeleniumLibrary">
<arg>login-button</arg>
<doc>Clicks the button identified by ``locator``.</doc>
<msg timestamp="20211213 16:47:35.344" level="INFO">Clicking button 'login-button'.</msg>
<status status="PASS" starttime="20211213 16:47:35.344" endtime="20211213 16:47:35.438"/>
</kw>
<status status="PASS" starttime="20211213 16:47:35.344" endtime="20211213 16:47:35.438"/>
</kw>
<kw name="Proper Product Page Should Be Open" library="resources">
<kw name="Page Should Not Contain Image" library="SeleniumLibrary">
<arg>${PROBLEM IMG}</arg>
<doc>Verifies image identified by ``locator`` is not found from current page.</doc>
<msg timestamp="20211213 16:47:35.468" level="INFO">Current page does not contain image '/static/media/sl-404.168b1cce.jpg'.</msg>
<status status="PASS" starttime="20211213 16:47:35.439" endtime="20211213 16:47:35.468"/>
</kw>
<status status="PASS" starttime="20211213 16:47:35.439" endtime="20211213 16:47:35.468"/>
</kw>
<kw name="Close Browser" library="SeleniumLibrary" type="TEARDOWN">
<doc>Closes the current browser.</doc>
<status status="PASS" starttime="20211213 16:47:35.469" endtime="20211213 16:47:37.581"/>
</kw>
<status status="PASS" starttime="20211213 16:47:33.650" endtime="20211213 16:47:37.581"/>
</test>
<test id="s1-s1-t2" name="Locked Out Login">
<kw name="Open Browser To Login Page" library="resources">
<kw name="Open Browser" library="SeleniumLibrary">
<arg>${LOGIN URL}</arg>
<arg>${BROWSER}</arg>
<doc>Opens a new browser instance to the optional ``url``.</doc>
<msg timestamp="20211213 16:47:37.583" level="INFO">Opening browser 'edge' to base url 'https://www.saucedemo.com/'.</msg>
<status status="PASS" starttime="20211213 16:47:37.583" endtime="20211213 16:47:38.976"/>
</kw>
<kw name="Maximize Browser Window" library="SeleniumLibrary">
<doc>Maximizes current browser window.</doc>
<status status="PASS" starttime="20211213 16:47:38.976" endtime="20211213 16:47:39.102"/>
</kw>
<kw name="Page Should Contain Element" library="SeleniumLibrary">
<arg>login-button</arg>
<doc>Verifies that element ``locator`` is found on the current page.</doc>
<msg timestamp="20211213 16:47:39.114" level="INFO">Current page contains element 'login-button'.</msg>
<status status="PASS" starttime="20211213 16:47:39.102" endtime="20211213 16:47:39.114"/>
</kw>
<status status="PASS" starttime="20211213 16:47:37.583" endtime="20211213 16:47:39.115"/>
</kw>
<kw name="Login Page Should Be Open" library="resources">
<kw name="Page Should Contain Element" library="SeleniumLibrary">
<arg>login-button</arg>
<doc>Verifies that element ``locator`` is found on the current page.</doc>
<msg timestamp="20211213 16:47:39.122" level="INFO">Current page contains element 'login-button'.</msg>
<status status="PASS" starttime="20211213 16:47:39.115" endtime="20211213 16:47:39.122"/>
</kw>
<status status="PASS" starttime="20211213 16:47:39.115" endtime="20211213 16:47:39.122"/>
</kw>
<kw name="Input Username" library="resources">
<arg>${LOCKED OUT USER}</arg>
<kw name="Input Text" library="SeleniumLibrary">
<arg>user-name</arg>
<arg>${username}</arg>
<doc>Types the given ``text`` into the text field identified by ``locator``.</doc>
<msg timestamp="20211213 16:47:39.123" level="INFO">Typing text 'locked_out_user' into text field 'user-name'.</msg>
<status status="PASS" starttime="20211213 16:47:39.123" endtime="20211213 16:47:39.198"/>
</kw>
<status status="PASS" starttime="20211213 16:47:39.122" endtime="20211213 16:47:39.198"/>
</kw>
<kw name="Input Pass" library="resources">
<arg>${VALID PASSWORD}</arg>
<kw name="Input Password" library="SeleniumLibrary">
<arg>password</arg>
<arg>${password}</arg>
<doc>Types the given password into the text field identified by ``locator``.</doc>
<msg timestamp="20211213 16:47:39.199" level="INFO">Typing password into text field 'password'.</msg>
<msg timestamp="20211213 16:47:39.228" level="INFO">Temporally setting log level to: NONE</msg>
<msg timestamp="20211213 16:47:39.265" level="INFO">Log level changed from NONE to INFO.</msg>
<status status="PASS" starttime="20211213 16:47:39.199" endtime="20211213 16:47:39.265"/>
</kw>
<status status="PASS" starttime="20211213 16:47:39.199" endtime="20211213 16:47:39.265"/>
</kw>
<kw name="Submit Credentials" library="resources">
<kw name="Click Button" library="SeleniumLibrary">
<arg>login-button</arg>
<doc>Clicks the button identified by ``locator``.</doc>
<msg timestamp="20211213 16:47:39.266" level="INFO">Clicking button 'login-button'.</msg>
<status status="PASS" starttime="20211213 16:47:39.266" endtime="20211213 16:47:39.314"/>
</kw>
<status status="PASS" starttime="20211213 16:47:39.266" endtime="20211213 16:47:39.315"/>
</kw>
<kw name="Error Message Shown" library="resources">
<arg>Epic sadface: Sorry, this user has been locked out.</arg>
<kw name="Element Text Should Be" library="SeleniumLibrary">
<arg>css:*[data-test="error"]</arg>
<arg>${error}</arg>
<doc>Verifies that element ``locator`` contains exact the text ``expected``.</doc>
<msg timestamp="20211213 16:47:39.316" level="INFO">Verifying element 'css:*[data-test="error"]' contains exact text 'Epic sadface: Sorry, this user has been locked out.'.</msg>
<status status="PASS" starttime="20211213 16:47:39.316" endtime="20211213 16:47:39.338"/>
</kw>
<status status="PASS" starttime="20211213 16:47:39.315" endtime="20211213 16:47:39.338"/>
</kw>
<kw name="Close Browser" library="SeleniumLibrary" type="TEARDOWN">
<doc>Closes the current browser.</doc>
<status status="PASS" starttime="20211213 16:47:39.338" endtime="20211213 16:47:41.454"/>
</kw>
<status status="PASS" starttime="20211213 16:47:37.582" endtime="20211213 16:47:41.454"/>
</test>
<test id="s1-s1-t3" name="Incorrect Password Login">
<kw name="Open Browser To Login Page" library="resources">
<kw name="Open Browser" library="SeleniumLibrary">
<arg>${LOGIN URL}</arg>
<arg>${BROWSER}</arg>
<doc>Opens a new browser instance to the optional ``url``.</doc>
<msg timestamp="20211213 16:47:41.457" level="INFO">Opening browser 'edge' to base url 'https://www.saucedemo.com/'.</msg>
<status status="PASS" starttime="20211213 16:47:41.456" endtime="20211213 16:47:42.847"/>
</kw>
<kw name="Maximize Browser Window" library="SeleniumLibrary">
<doc>Maximizes current browser window.</doc>
<status status="PASS" starttime="20211213 16:47:42.848" endtime="20211213 16:47:42.965"/>
</kw>
<kw name="Page Should Contain Element" library="SeleniumLibrary">
<arg>login-button</arg>
<doc>Verifies that element ``locator`` is found on the current page.</doc>
<msg timestamp="20211213 16:47:42.976" level="INFO">Current page contains element 'login-button'.</msg>
<status status="PASS" starttime="20211213 16:47:42.965" endtime="20211213 16:47:42.977"/>
</kw>
<status status="PASS" starttime="20211213 16:47:41.456" endtime="20211213 16:47:42.977"/>
</kw>
<kw name="Login Page Should Be Open" library="resources">
<kw name="Page Should Contain Element" library="SeleniumLibrary">
<arg>login-button</arg>
<doc>Verifies that element ``locator`` is found on the current page.</doc>
<msg timestamp="20211213 16:47:42.984" level="INFO">Current page contains element 'login-button'.</msg>
<status status="PASS" starttime="20211213 16:47:42.977" endtime="20211213 16:47:42.985"/>
</kw>
<status status="PASS" starttime="20211213 16:47:42.977" endtime="20211213 16:47:42.985"/>
</kw>
<kw name="Input Username" library="resources">
<arg>${VALID USER}</arg>
<kw name="Input Text" library="SeleniumLibrary">
<arg>user-name</arg>
<arg>${username}</arg>
<doc>Types the given ``text`` into the text field identified by ``locator``.</doc>
<msg timestamp="20211213 16:47:42.986" level="INFO">Typing text 'standard_user' into text field 'user-name'.</msg>
<status status="PASS" starttime="20211213 16:47:42.985" endtime="20211213 16:47:43.069"/>
</kw>
<status status="PASS" starttime="20211213 16:47:42.985" endtime="20211213 16:47:43.070"/>
</kw>
<kw name="Input Pass" library="resources">
<arg>${INVALID PASSWORD}</arg>
<kw name="Input Password" library="SeleniumLibrary">
<arg>password</arg>
<arg>${password}</arg>
<doc>Types the given password into the text field identified by ``locator``.</doc>
<msg timestamp="20211213 16:47:43.071" level="INFO">Typing password into text field 'password'.</msg>
<msg timestamp="20211213 16:47:43.105" level="INFO">Temporally setting log level to: NONE</msg>
<msg timestamp="20211213 16:47:43.154" level="INFO">Log level changed from NONE to INFO.</msg>
<status status="PASS" starttime="20211213 16:47:43.071" endtime="20211213 16:47:43.154"/>
</kw>
<status status="PASS" starttime="20211213 16:47:43.070" endtime="20211213 16:47:43.155"/>
</kw>
<kw name="Submit Credentials" library="resources">
<kw name="Click Button" library="SeleniumLibrary">
<arg>login-button</arg>
<doc>Clicks the button identified by ``locator``.</doc>
<msg timestamp="20211213 16:47:43.156" level="INFO">Clicking button 'login-button'.</msg>
<status status="PASS" starttime="20211213 16:47:43.156" endtime="20211213 16:47:43.209"/>
</kw>
<status status="PASS" starttime="20211213 16:47:43.155" endtime="20211213 16:47:43.209"/>
</kw>
<kw name="Error Message Shown" library="resources">
<arg>Epic sadface: Username and password do not match any user in this service</arg>
<kw name="Element Text Should Be" library="SeleniumLibrary">
<arg>css:*[data-test="error"]</arg>
<arg>${error}</arg>
<doc>Verifies that element ``locator`` contains exact the text ``expected``.</doc>
<msg timestamp="20211213 16:47:43.210" level="INFO">Verifying element 'css:*[data-test="error"]' contains exact text 'Epic sadface: Username and password do not match any user in this service'.</msg>
<status status="PASS" starttime="20211213 16:47:43.210" endtime="20211213 16:47:43.232"/>
</kw>
<status status="PASS" starttime="20211213 16:47:43.209" endtime="20211213 16:47:43.233"/>
</kw>
<kw name="Close Browser" library="SeleniumLibrary" type="TEARDOWN">
<doc>Closes the current browser.</doc>
<status status="PASS" starttime="20211213 16:47:43.233" endtime="20211213 16:47:45.366"/>
</kw>
<status status="PASS" starttime="20211213 16:47:41.455" endtime="20211213 16:47:45.366"/>
</test>
<test id="s1-s1-t4" name="Problem Login">
<kw name="Open Browser To Login Page" library="resources">
<kw name="Open Browser" library="SeleniumLibrary">
<arg>${LOGIN URL}</arg>
<arg>${BROWSER}</arg>
<doc>Opens a new browser instance to the optional ``url``.</doc>
<msg timestamp="20211213 16:47:45.368" level="INFO">Opening browser 'edge' to base url 'https://www.saucedemo.com/'.</msg>
<status status="PASS" starttime="20211213 16:47:45.368" endtime="20211213 16:47:46.826"/>
</kw>
<kw name="Maximize Browser Window" library="SeleniumLibrary">
<doc>Maximizes current browser window.</doc>
<status status="PASS" starttime="20211213 16:47:46.826" endtime="20211213 16:47:46.948"/>
</kw>
<kw name="Page Should Contain Element" library="SeleniumLibrary">
<arg>login-button</arg>
<doc>Verifies that element ``locator`` is found on the current page.</doc>
<msg timestamp="20211213 16:47:46.959" level="INFO">Current page contains element 'login-button'.</msg>
<status status="PASS" starttime="20211213 16:47:46.948" endtime="20211213 16:47:46.959"/>
</kw>
<status status="PASS" starttime="20211213 16:47:45.368" endtime="20211213 16:47:46.960"/>
</kw>
<kw name="Login Page Should Be Open" library="resources">
<kw name="Page Should Contain Element" library="SeleniumLibrary">
<arg>login-button</arg>
<doc>Verifies that element ``locator`` is found on the current page.</doc>
<msg timestamp="20211213 16:47:46.967" level="INFO">Current page contains element 'login-button'.</msg>
<status status="PASS" starttime="20211213 16:47:46.961" endtime="20211213 16:47:46.967"/>
</kw>
<status status="PASS" starttime="20211213 16:47:46.960" endtime="20211213 16:47:46.967"/>
</kw>
<kw name="Input Username" library="resources">
<arg>${PROBLEM USER}</arg>
<kw name="Input Text" library="SeleniumLibrary">
<arg>user-name</arg>
<arg>${username}</arg>
<doc>Types the given ``text`` into the text field identified by ``locator``.</doc>
<msg timestamp="20211213 16:47:46.968" level="INFO">Typing text 'problem_user' into text field 'user-name'.</msg>
<status status="PASS" starttime="20211213 16:47:46.968" endtime="20211213 16:47:47.041"/>
</kw>
<status status="PASS" starttime="20211213 16:47:46.967" endtime="20211213 16:47:47.041"/>
</kw>
<kw name="Input Pass" library="resources">
<arg>${VALID PASSWORD}</arg>
<kw name="Input Password" library="SeleniumLibrary">
<arg>password</arg>
<arg>${password}</arg>
<doc>Types the given password into the text field identified by ``locator``.</doc>
<msg timestamp="20211213 16:47:47.042" level="INFO">Typing password into text field 'password'.</msg>
<msg timestamp="20211213 16:47:47.071" level="INFO">Temporally setting log level to: NONE</msg>
<msg timestamp="20211213 16:47:47.109" level="INFO">Log level changed from NONE to INFO.</msg>
<status status="PASS" starttime="20211213 16:47:47.042" endtime="20211213 16:47:47.109"/>
</kw>
<status status="PASS" starttime="20211213 16:47:47.042" endtime="20211213 16:47:47.109"/>
</kw>
<kw name="Submit Credentials" library="resources">
<kw name="Click Button" library="SeleniumLibrary">
<arg>login-button</arg>
<doc>Clicks the button identified by ``locator``.</doc>
<msg timestamp="20211213 16:47:47.110" level="INFO">Clicking button 'login-button'.</msg>
<status status="PASS" starttime="20211213 16:47:47.110" endtime="20211213 16:47:47.200"/>
</kw>
<status status="PASS" starttime="20211213 16:47:47.110" endtime="20211213 16:47:47.200"/>
</kw>
<kw name="Problem Product Page Should Be Open" library="resources">
<kw name="Page Should Contain Image" library="SeleniumLibrary">
<arg>${PROBLEM IMG}</arg>
<doc>Verifies image identified by ``locator`` is found from current page.</doc>
<msg timestamp="20211213 16:47:47.214" level="INFO">Current page contains image '/static/media/sl-404.168b1cce.jpg'.</msg>
<status status="PASS" starttime="20211213 16:47:47.202" endtime="20211213 16:47:47.215"/>
</kw>
<status status="PASS" starttime="20211213 16:47:47.201" endtime="20211213 16:47:47.215"/>
</kw>
<kw name="Close Browser" library="SeleniumLibrary" type="TEARDOWN">
<doc>Closes the current browser.</doc>
<status status="PASS" starttime="20211213 16:47:47.215" endtime="20211213 16:47:49.330"/>
</kw>
<status status="PASS" starttime="20211213 16:47:45.367" endtime="20211213 16:47:49.330"/>
</test>
<doc>A test suit with a single test for valid login

this test follows the example using keywords from
the SeleniumLibrary</doc>
<status status="PASS" starttime="20211213 16:47:33.461" endtime="20211213 16:47:49.332"/>
</suite>
<status status="PASS" starttime="20211213 16:47:33.437" endtime="20211213 16:47:49.334"/>
</suite>
<statistics>
<total>
<stat pass="4" fail="0" skip="0">All Tests</stat>
</total>
<tag>
</tag>
<suite>
<stat pass="4" fail="0" skip="0" id="s1" name="Tests">Tests</stat>
<stat pass="4" fail="0" skip="0" id="s1-s1" name="Valid Login">Tests.Valid Login</stat>
</suite>
</statistics>
<errors>
</errors>
</robot>
